<?xml version="1.0" encoding="UTF-8"?>
<Site BuildName="(empty)"
	BuildStamp="20240630-0649-Experimental"
	Name="moorthi"
	Generator="ctest-3.16.3"
	CompilerName="/usr/bin/c++"
	CompilerVersion="9.4.0"
	OSName="Linux"
	Hostname="moorthi"
	OSRelease="5.4.0-187-generic"
	OSVersion="#207-Ubuntu SMP Mon Jun 10 08:16:10 UTC 2024"
	OSPlatform="x86_64"
	Is64Bits="1"
	VendorString="AuthenticAMD"
	VendorID="Advanced Micro Devices"
	FamilyID="23"
	ModelID="24"
	ProcessorCacheSize="512"
	NumberOfLogicalCPU="8"
	NumberOfPhysicalCPU="4"
	TotalVirtualMemory="2047"
	TotalPhysicalMemory="5928"
	LogicalProcessorsPerPhysical="2"
	ProcessorClockFrequency="1344.47"
	>
	<Testing>
		<StartDateTime>Jun 30 12:19 IST</StartDateTime>
		<StartTestTime>1719730178</StartTestTime>
		<TestList/>
		<EndDateTime>Jun 30 12:19 IST</EndDateTime>
		<EndTestTime>1719730178</EndTestTime>
		<ElapsedMinutes>0</ElapsedMinutes>
	</Testing>
</Site>
