<?xml version="1.0" encoding="UTF-8"?>
<Site BuildName="(empty)"
	BuildStamp="20240719-1305-Experimental"
	Name="moorthi"
	Generator="ctest-3.16.3"
	CompilerName="/usr/bin/c++"
	CompilerVersion="9.4.0"
	OSName="Linux"
	Hostname="moorthi"
	OSRelease="5.4.0-189-generic"
	OSVersion="#209-Ubuntu SMP Fri Jun 7 14:05:13 UTC 2024"
	OSPlatform="x86_64"
	Is64Bits="1"
	VendorString="AuthenticAMD"
	VendorID="Advanced Micro Devices"
	FamilyID="23"
	ModelID="24"
	ProcessorCacheSize="512"
	NumberOfLogicalCPU="8"
	NumberOfPhysicalCPU="4"
	TotalVirtualMemory="2047"
	TotalPhysicalMemory="5928"
	LogicalProcessorsPerPhysical="2"
	ProcessorClockFrequency="1137.18"
	>
	<Testing>
		<StartDateTime>Jul 19 18:35 IST</StartDateTime>
		<StartTestTime>1721394332</StartTestTime>
		<TestList/>
		<EndDateTime>Jul 19 18:35 IST</EndDateTime>
		<EndTestTime>1721394332</EndTestTime>
		<ElapsedMinutes>0</ElapsedMinutes>
	</Testing>
</Site>
